<?xml version="1.0" encoding="UTF-8"?>
<!-- Generated by org.testng.reporters.JUnitReportReporter -->
<testsuite skipped="0" hostname="LAPTOP-J3FRUKGM" name="test.AddCategoryTest" tests="3" failures="0" timestamp="18 May 2022 20:20:11 GMT" time="1.505" errors="0">
  <testcase name="validateAddCategory" time="0.730" classname="test.AddCategoryTest"/>
  <testcase name="validateMonthDropDown" time="0.499" classname="test.AddCategoryTest"/>
  <testcase name="validateDuplicatedCategory" time="0.276" classname="test.AddCategoryTest"/>
</testsuite> <!-- test.AddCategoryTest -->
